<?xml version="1.0" encoding="UTF-8"?>
<!-- Generated by org.testng.reporters.JUnitReportReporter -->
<testsuite skipped="0" hostname="LAPTOP-5N2R7V8O" name="com.sstech.TestCase.TestLogOutFunctionality" tests="1" failures="0" timestamp="23 Sep 2019 00:59:45 GMT" time="5.353" errors="0">
  <testcase name="validateLogoutFuctionality" time="5.353" classname="com.sstech.TestCase.TestLogOutFunctionality"/>
</testsuite> <!-- com.sstech.TestCase.TestLogOutFunctionality -->
