<?xml version="1.0" encoding="UTF-8"?>
<!-- Generated by org.testng.reporters.JUnitReportReporter -->
<testsuite skipped="0" hostname="DESKTOP-CG5HG66" name="com.sstech.TestCase.TestLogOutFunctionality" tests="1" failures="0" timestamp="09 Oct 2019 01:00:51 GMT" time="4.217" errors="0">
  <testcase name="validateLogoutFuctionality" time="4.217" classname="com.sstech.TestCase.TestLogOutFunctionality"/>
</testsuite> <!-- com.sstech.TestCase.TestLogOutFunctionality -->
