<?xml version="1.0" encoding="UTF-8"?>
<!-- Generated by org.testng.reporters.JUnitReportReporter -->
<testsuite skipped="1" hostname="LAPTOP-5N2R7V8O" name="com.sstech.TestCase.TestLogInFuctionality" tests="2" failures="0" timestamp="29 Sep 2019 19:29:51 GMT" time="2.014" errors="0">
  <testcase name="validateLoginFuctionalityUsingCorrectCredentials" time="2.014" classname="com.sstech.TestCase.TestLogInFuctionality"/>
  <testcase name="validateLoginFuctionalityUsingInCorrectCredentials" classname="com.sstech.TestCase.TestLogInFuctionality">
    <skipped/>
  </testcase> <!-- validateLoginFuctionalityUsingInCorrectCredentials -->
</testsuite> <!-- com.sstech.TestCase.TestLogInFuctionality -->
